<?xml version="1.0" encoding="UTF-8"?>
<!-- Generated by org.testng.reporters.JUnitReportReporter -->
<testsuite hostname="LAPTOP-UFV4LUOB" name="com.bolt.ui.tests.BoltTestCases" tests="5" failures="0" timestamp="30 Jun 2020 21:04:18 GMT" time="14.299" errors="0">
  <testcase name="verifyLoginTest" time="7.709" classname="com.bolt.ui.tests.BoltTestCases"/>
  <testcase name="verifyTechnologyTitleTest" time="1.914" classname="com.bolt.ui.tests.BoltTestCases"/>
  <testcase name="verifyTourTitleTest" time="4.435" classname="com.bolt.ui.tests.BoltTestCases"/>
  <testcase name="verifyLoginButtonTest" time="0.212" classname="com.bolt.ui.tests.BoltTestCases"/>
  <testcase name="verifyTitleTest" time="0.029" classname="com.bolt.ui.tests.BoltTestCases"/>
</testsuite> <!-- com.bolt.ui.tests.BoltTestCases -->
