<?xml version="1.0" encoding="UTF-8"?>
<!-- Generated by org.testng.reporters.JUnitReportReporter -->
<testsuite hostname="LAPTOP-UFV4LUOB" name="com.bolt.org.BoltTestCases" tests="1" failures="0" timestamp="17 Jun 2020 16:29:06 GMT" time="32.694" errors="0">
  <testcase name="testGoogle" time="32.694" classname="com.bolt.org.BoltTestCases"/>
</testsuite> <!-- com.bolt.org.BoltTestCases -->
